INFO:     Started server process [91483]
INFO:     Waiting for application startup.
INFO:     Application startup complete.
INFO:     Uvicorn running on http://0.0.0.0:8000 (Press CTRL+C to quit)
Exception in thread Thread-1 (_boot):
Traceback (most recent call last):
  File "/opt/homebrew/Cellar/python@3.14/3.14.4/Frameworks/Python.framework/Versions/3.14/lib/python3.14/threading.py", line 1082, in _bootstrap_inner
    self._context.run(self.run)
    ~~~~~~~~~~~~~~~~~^^^^^^^^^^
  File "/opt/homebrew/Cellar/python@3.14/3.14.4/Frameworks/Python.framework/Versions/3.14/lib/python3.14/threading.py", line 1024, in run
    self._target(*self._args, **self._kwargs)
    ~~~~~~~~~~~~^^^^^^^^^^^^^^^^^^^^^^^^^^^^^
  File "/Users/lynux/Desktop/BackEnd/ARC-REMOTE-DA/remote/server.py", line 51, in _boot
    runtime.boot(voice=False)
    ~~~~~~~~~~~~^^^^^^^^^^^^^
  File "/Users/lynux/Desktop/BackEnd/ARC-REMOTE-DA/core/runtime.py", line 78, in boot
    _initialize_fast_engine()
    ~~~~~~~~~~~~~~~~~~~~~~~^^
  File "/Users/lynux/Desktop/BackEnd/ARC-REMOTE-DA/core/runtime.py", line 213, in _initialize_fast_engine
    initialize(learned)
    ~~~~~~~~~~^^^^^^^^^
  File "/Users/lynux/Desktop/BackEnd/ARC-REMOTE-DA/core/fast_intent.py", line 805, in initialize
    _build_embeddings(learned_examples)
    ~~~~~~~~~~~~~~~~~^^^^^^^^^^^^^^^^^^
  File "/Users/lynux/Desktop/BackEnd/ARC-REMOTE-DA/core/fast_intent.py", line 755, in _build_embeddings
    model = _get_model()
  File "/Users/lynux/Desktop/BackEnd/ARC-REMOTE-DA/core/fast_intent.py", line 662, in _get_model
    from sentence_transformers import SentenceTransformer
  File "/Users/lynux/Desktop/BackEnd/Startup/venv/lib/python3.14/site-packages/sentence_transformers/__init__.py", line 9, in <module>
    from sentence_transformers.cross_encoder.CrossEncoder import CrossEncoder
  File "/Users/lynux/Desktop/BackEnd/Startup/venv/lib/python3.14/site-packages/sentence_transformers/cross_encoder/__init__.py", line 3, in <module>
    from .CrossEncoder import CrossEncoder
  File "/Users/lynux/Desktop/BackEnd/Startup/venv/lib/python3.14/site-packages/sentence_transformers/cross_encoder/CrossEncoder.py", line 9, in <module>
    import torch
  File "/Users/lynux/Desktop/BackEnd/Startup/venv/lib/python3.14/site-packages/torch/__init__.py", line 2161, in <module>
    from torch import _VF as _VF, functional as functional  # usort: skip
    ^^^^^^^^^^^^^^^^^^^^^^^^^^^^^^^^^^^^^^^^^^^^^^^^^^^^^^
  File "/Users/lynux/Desktop/BackEnd/Startup/venv/lib/python3.14/site-packages/torch/functional.py", line 8, in <module>
    import torch.nn.functional as F
  File "/Users/lynux/Desktop/BackEnd/Startup/venv/lib/python3.14/site-packages/torch/nn/__init__.py", line 8, in <module>
    from torch.nn.modules import *  # usort: skip # noqa: F403
    ^^^^^^^^^^^^^^^^^^^^^^^^^^^^^^
  File "/Users/lynux/Desktop/BackEnd/Startup/venv/lib/python3.14/site-packages/torch/nn/modules/__init__.py", line 2, in <module>
    from .linear import Bilinear, Identity, LazyLinear, Linear  # usort: skip
    ^^^^^^^^^^^^^^^^^^^^^^^^^^^^^^^^^^^^^^^^^^^^^^^^^^^^^^^^^^
  File "/Users/lynux/Desktop/BackEnd/Startup/venv/lib/python3.14/site-packages/torch/nn/modules/linear.py", line 7, in <module>
    from torch.nn import functional as F, init
  File "/Users/lynux/Desktop/BackEnd/Startup/venv/lib/python3.14/site-packages/torch/nn/functional.py", line 11, in <module>
    from torch._jit_internal import (
    ...<5 lines>...
    )
  File "/Users/lynux/Desktop/BackEnd/Startup/venv/lib/python3.14/site-packages/torch/_jit_internal.py", line 44, in <module>
    import torch.distributed.rpc
  File "/Users/lynux/Desktop/BackEnd/Startup/venv/lib/python3.14/site-packages/torch/distributed/rpc/__init__.py", line 81, in <module>
    from . import api, backend_registry, functions
  File "/Users/lynux/Desktop/BackEnd/Startup/venv/lib/python3.14/site-packages/torch/distributed/rpc/api.py", line 36, in <module>
    from .internal import (
    ...<4 lines>...
    )
  File "<frozen importlib._bootstrap>", line 1371, in _find_and_load
  File "<frozen importlib._bootstrap>", line 1342, in _find_and_load_unlocked
  File "<frozen importlib._bootstrap>", line 938, in _load_unlocked
  File "<frozen importlib._bootstrap_external>", line 755, in exec_module
  File "<frozen importlib._bootstrap_external>", line 892, in get_code
  File "<frozen importlib._bootstrap_external>", line 951, in get_data
TimeoutError: [Errno 60] Operation timed out
